<?xml version="1.0" encoding="UTF-8"?>
<testng-results skipped="0" failed="0" ignored="0" total="2" passed="2">
  <reporter-output>
  </reporter-output>
  <suite name="Default suite" duration-ms="34919" started-at="2021-04-26T00:09:32 AEST" finished-at="2021-04-26T00:10:07 AEST">
    <groups>
      <group name="cucumber">
        <method signature="AbstractTestNGCucumberTests.runScenario(io.cucumber.testng.PickleWrapper, io.cucumber.testng.FeatureWrapper)[pri:0, instance:Runners.TestNGRunner@59906517]" name="runScenario" class="io.cucumber.testng.AbstractTestNGCucumberTests"/>
      </group> <!-- cucumber -->
    </groups>
    <test name="Default test" duration-ms="34919" started-at="2021-04-26T00:09:32 AEST" finished-at="2021-04-26T00:10:07 AEST">
      <class name="Runners.TestNGRunner">
        <test-method status="PASS" signature="setUpClass()[pri:0, instance:Runners.TestNGRunner@59906517]" name="setUpClass" is-config="true" duration-ms="532" started-at="2021-04-26T00:09:32 AEST" finished-at="2021-04-26T00:09:33 AEST">
          <reporter-output>
          </reporter-output>
        </test-method> <!-- setUpClass -->
        <test-method status="PASS" signature="runScenario(io.cucumber.testng.PickleWrapper, io.cucumber.testng.FeatureWrapper)[pri:0, instance:Runners.TestNGRunner@59906517]" name="runScenario" duration-ms="16897" started-at="2021-04-26T00:09:33 AEST" description="Runs Cucumber Scenarios" data-provider="scenarios" finished-at="2021-04-26T00:09:50 AEST">
          <params>
            <param index="0">
              <value>
                <![CDATA["A user should be able to add item to Cart"]]>
              </value>
            </param>
            <param index="1">
              <value>
                <![CDATA["Optional[Shopping cart Testcases]"]]>
              </value>
            </param>
          </params>
          <reporter-output>
          </reporter-output>
        </test-method> <!-- runScenario -->
        <test-method status="PASS" signature="runScenario(io.cucumber.testng.PickleWrapper, io.cucumber.testng.FeatureWrapper)[pri:0, instance:Runners.TestNGRunner@59906517]" name="runScenario" duration-ms="17050" started-at="2021-04-26T00:09:50 AEST" description="Runs Cucumber Scenarios" data-provider="scenarios" finished-at="2021-04-26T00:10:07 AEST">
          <params>
            <param index="0">
              <value>
                <![CDATA["Add a duplicate item to the cart should instead increment the quantity and change quantity in cart"]]>
              </value>
            </param>
            <param index="1">
              <value>
                <![CDATA["Optional[Shopping cart Testcases]"]]>
              </value>
            </param>
          </params>
          <reporter-output>
          </reporter-output>
        </test-method> <!-- runScenario -->
        <test-method status="PASS" signature="tearDownClass()[pri:0, instance:Runners.TestNGRunner@59906517]" name="tearDownClass" is-config="true" duration-ms="400" started-at="2021-04-26T00:10:07 AEST" finished-at="2021-04-26T00:10:07 AEST">
          <reporter-output>
          </reporter-output>
        </test-method> <!-- tearDownClass -->
      </class> <!-- Runners.TestNGRunner -->
    </test> <!-- Default test -->
  </suite> <!-- Default suite -->
</testng-results>
